2019-12-21 11:43:29,325 Harmless debug Message
2019-12-21 11:43:29,326 Just an information
2019-12-21 11:43:29,326 Its a Warning
2019-12-21 11:43:29,327 Did you try to divide by zero
2019-12-21 11:43:29,327 Internet is down
2019-12-21 11:43:37,520 Harmless debug Message
2019-12-21 11:43:37,521 Just an information
2019-12-21 11:43:37,521 Its a Warning
2019-12-21 11:43:37,521 Did you try to divide by zero
2019-12-21 11:43:37,522 Internet is down
2019-12-21 11:43:47,171 Harmless debug Message
2019-12-21 11:43:47,172 Just an information
2019-12-21 11:43:47,172 Its a Warning
2019-12-21 11:43:47,173 Did you try to divide by zero
2019-12-21 11:43:47,174 Internet is down
2019-12-21 11:44:05,862 Harmless debug Message
2019-12-21 11:44:05,863 Just an information
2019-12-21 11:44:05,863 Its a Warning
2019-12-21 11:44:05,863 Did you try to divide by zero
2019-12-21 11:44:05,863 Internet is down
2019-12-21 11:45:47,216 Harmless debug Message
2019-12-21 11:45:47,216 Just an information
2019-12-21 11:45:47,216 Its a Warning
2019-12-21 11:45:47,217 Did you try to divide by zero
2019-12-21 11:45:47,217 Internet is down
2019-12-21 11:46:29,685 Harmless debug Message
2019-12-21 11:46:29,686 Just an information
2019-12-21 11:46:29,686 Its a Warning
2019-12-21 11:46:29,686 Did you try to divide by zero
2019-12-21 11:46:29,687 Internet is down
2019-12-21 16:54:52,948 Harmless debug Message
2019-12-21 16:54:52,948 Just an information
2019-12-21 16:54:52,948 Its a Warning
2019-12-21 16:54:52,948 Did you try to divide by zero
2019-12-21 16:54:52,948 Internet is down
